TN:
SF:src/app/+not-found.tsx
FN:4,NotFoundScreen
FNF:1
FNH:1
FNDA:4,NotFoundScreen
DA:5,4
DA:19,1
LF:2
LH:2
BRF:0
BRH:0
end_of_record
TN:
SF:src/app/_layout.tsx
FN:12,RootLayout
FN:19,(anonymous_1)
FNF:2
FNH:2
FNDA:2,RootLayout
FNDA:2,(anonymous_1)
DA:10,1
DA:13,2
DA:19,2
DA:20,2
DA:21,2
DA:25,2
DA:26,0
DA:30,2
DA:31,2
DA:36,2
LF:10
LH:9
BRDA:20,0,0,2
BRDA:20,0,1,0
BRDA:25,1,0,0
BRDA:25,1,1,2
BRDA:30,2,0,2
BRDA:30,2,1,1
BRF:6
BRH:4
end_of_record
TN:
SF:src/app/index.tsx
FN:4,Index
FNF:1
FNH:1
FNDA:5,Index
DA:5,5
DA:49,1
LF:2
LH:2
BRF:0
BRH:0
end_of_record
